# JRE version: Java(TM) SE Runtime Environment (8.0_191-b12) (build 1.8.0_191-b12)
# Java VM: Java HotSpot(TM) 64-Bit Server VM (25.191-b12 mixed mode linux-amd64 compressed oops)
Heap:
 PSYoungGen      total 152064K, used 17126K [0x00000000d6d80000, 0x00000000e2280000, 0x0000000100000000)
  eden space 122880K, 0% used [0x00000000d6d80000,0x00000000d6d80000,0x00000000de580000)
  from space 29184K, 58% used [0x00000000de580000,0x00000000df639a88,0x00000000e0200000)
  to   space 25088K, 0% used [0x00000000e0200000,0x00000000e0200000,0x00000000e1a80000)
 ParOldGen       total 84992K, used 65888K [0x0000000084800000, 0x0000000089b00000, 0x00000000d6d80000)
  object space 84992K, 77% used [0x0000000084800000,0x0000000088858308,0x0000000089b00000)
 Metaspace       used 15225K, capacity 15562K, committed 15744K, reserved 1062912K
  class space    used 1751K, capacity 1843K, committed 1920K, reserved 1048576K
GC Heap History (10 events):
Event: 3,175 GC heap after
Heap after GC invocations=2 (full 0):
 PSYoungGen      total 36864K, used 4834K [0x00000000d6d80000, 0x00000000d9680000, 0x0000000100000000)
  eden space 31744K, 0% used [0x00000000d6d80000,0x00000000d6d80000,0x00000000d8c80000)
  from space 5120K, 94% used [0x00000000d9180000,0x00000000d9638938,0x00000000d9680000)
  to   space 5120K, 0% used [0x00000000d8c80000,0x00000000d8c80000,0x00000000d9180000)
 ParOldGen       total 84992K, used 21134K [0x0000000084800000, 0x0000000089b00000, 0x00000000d6d80000)
  object space 84992K, 24% used [0x0000000084800000,0x0000000085ca3818,0x0000000089b00000)
 Metaspace       used 15089K, capacity 15342K, committed 15744K, reserved 1062912K
  class space    used 1749K, capacity 1839K, committed 1920K, reserved 1048576K
}
Event: 3,256 GC heap before
{Heap before GC invocations=3 (full 0):
 PSYoungGen      total 36864K, used 34727K [0x00000000d6d80000, 0x00000000d9680000, 0x0000000100000000)
  eden space 31744K, 94% used [0x00000000d6d80000,0x00000000d8ab1318,0x00000000d8c80000)
  from space 5120K, 94% used [0x00000000d9180000,0x00000000d9638938,0x00000000d9680000)
  to   space 5120K, 0% used [0x00000000d8c80000,0x00000000d8c80000,0x00000000d9180000)
 ParOldGen       total 84992K, used 21134K [0x0000000084800000, 0x0000000089b00000, 0x00000000d6d80000)
  object space 84992K, 24% used [0x0000000084800000,0x0000000085ca3818,0x0000000089b00000)
 Metaspace       used 15090K, capacity 15342K, committed 15744K, reserved 1062912K
  class space    used 1749K, capacity 1839K, committed 1920K, reserved 1048576K
Event: 3,277 GC heap after
Heap after GC invocations=3 (full 0):
 PSYoungGen      total 36864K, used 4818K [0x00000000d6d80000, 0x00000000db580000, 0x0000000100000000)
  eden space 31744K, 0% used [0x00000000d6d80000,0x00000000d6d80000,0x00000000d8c80000)
  from space 5120K, 94% used [0x00000000d8c80000,0x00000000d9134948,0x00000000d9180000)
  to   space 5120K, 0% used [0x00000000db080000,0x00000000db080000,0x00000000db580000)
 ParOldGen       total 84992K, used 32852K [0x0000000084800000, 0x0000000089b00000, 0x00000000d6d80000)
  object space 84992K, 38% used [0x0000000084800000,0x0000000086815358,0x0000000089b00000)
 Metaspace       used 15090K, capacity 15342K, committed 15744K, reserved 1062912K
  class space    used 1749K, capacity 1839K, committed 1920K, reserved 1048576K
}
Event: 9,706 GC heap before
{Heap before GC invocations=4 (full 0):
 PSYoungGen      total 36864K, used 33507K [0x00000000d6d80000, 0x00000000db580000, 0x0000000100000000)
  eden space 31744K, 90% used [0x00000000d6d80000,0x00000000d8984540,0x00000000d8c80000)
  from space 5120K, 94% used [0x00000000d8c80000,0x00000000d9134948,0x00000000d9180000)
  to   space 5120K, 0% used [0x00000000db080000,0x00000000db080000,0x00000000db580000)
 ParOldGen       total 84992K, used 32852K [0x0000000084800000, 0x0000000089b00000, 0x00000000d6d80000)
  object space 84992K, 38% used [0x0000000084800000,0x0000000086815358,0x0000000089b00000)
 Metaspace       used 15149K, capacity 15412K, committed 15744K, reserved 1062912K
  class space    used 1750K, capacity 1840K, committed 1920K, reserved 1048576K
Event: 9,716 GC heap after
Heap after GC invocations=4 (full 0):
 PSYoungGen      total 68608K, used 5090K [0x00000000d6d80000, 0x00000000db580000, 0x0000000100000000)
  eden space 63488K, 0% used [0x00000000d6d80000,0x00000000d6d80000,0x00000000dab80000)
  from space 5120K, 99% used [0x00000000db080000,0x00000000db5789d8,0x00000000db580000)
  to   space 5120K, 0% used [0x00000000dab80000,0x00000000dab80000,0x00000000db080000)
 ParOldGen       total 84992K, used 49395K [0x0000000084800000, 0x0000000089b00000, 0x00000000d6d80000)
  object space 84992K, 58% used [0x0000000084800000,0x000000008783cc90,0x0000000089b00000)
 Metaspace       used 15149K, capacity 15412K, committed 15744K, reserved 1062912K
  class space    used 1750K, capacity 1840K, committed 1920K, reserved 1048576K
}
Event: 11,988 GC heap before
{Heap before GC invocations=5 (full 0):
 PSYoungGen      total 68608K, used 65772K [0x00000000d6d80000, 0x00000000db580000, 0x0000000100000000)
  eden space 63488K, 95% used [0x00000000d6d80000,0x00000000da8c2858,0x00000000dab80000)
  from space 5120K, 99% used [0x00000000db080000,0x00000000db5789d8,0x00000000db580000)
  to   space 5120K, 0% used [0x00000000dab80000,0x00000000dab80000,0x00000000db080000)
 ParOldGen       total 84992K, used 49395K [0x0000000084800000, 0x0000000089b00000, 0x00000000d6d80000)
  object space 84992K, 58% used [0x0000000084800000,0x000000008783cc90,0x0000000089b00000)
 Metaspace       used 15167K, capacity 15412K, committed 15744K, reserved 1062912K
  class space    used 1750K, capacity 1840K, committed 1920K, reserved 1048576K
Event: 11,999 GC heap after
Heap after GC invocations=5 (full 0):
 PSYoungGen      total 68608K, used 5106K [0x00000000d6d80000, 0x00000000e1a80000, 0x0000000100000000)
  eden space 63488K, 0% used [0x00000000d6d80000,0x00000000d6d80000,0x00000000dab80000)
  from space 5120K, 99% used [0x00000000dab80000,0x00000000db07c9c8,0x00000000db080000)
  to   space 25088K, 0% used [0x00000000e0200000,0x00000000e0200000,0x00000000e1a80000)
 ParOldGen       total 84992K, used 53341K [0x0000000084800000, 0x0000000089b00000, 0x00000000d6d80000)
  object space 84992K, 62% used [0x0000000084800000,0x0000000087c175a0,0x0000000089b00000)
 Metaspace       used 15167K, capacity 15412K, committed 15744K, reserved 1062912K
  class space    used 1750K, capacity 1840K, committed 1920K, reserved 1048576K
}
Event: 13,995 GC heap before
{Heap before GC invocations=6 (full 0):
 PSYoungGen      total 68608K, used 61512K [0x00000000d6d80000, 0x00000000e1a80000, 0x0000000100000000)
  eden space 63488K, 88% used [0x00000000d6d80000,0x00000000da4959a8,0x00000000dab80000)
  from space 5120K, 99% used [0x00000000dab80000,0x00000000db07c9c8,0x00000000db080000)
  to   space 25088K, 0% used [0x00000000e0200000,0x00000000e0200000,0x00000000e1a80000)
 ParOldGen       total 84992K, used 53341K [0x0000000084800000, 0x0000000089b00000, 0x00000000d6d80000)
  object space 84992K, 62% used [0x0000000084800000,0x0000000087c175a0,0x0000000089b00000)
 Metaspace       used 15174K, capacity 15412K, committed 15744K, reserved 1062912K
  class space    used 1750K, capacity 1840K, committed 1920K, reserved 1048576K
Event: 14,007 GC heap after
Heap after GC invocations=6 (full 0):
 PSYoungGen      total 147968K, used 22341K [0x00000000d6d80000, 0x00000000e2280000, 0x0000000100000000)
  eden space 122880K, 0% used [0x00000000d6d80000,0x00000000d6d80000,0x00000000de580000)
  from space 25088K, 89% used [0x00000000e0200000,0x00000000e17d17e8,0x00000000e1a80000)
  to   space 29184K, 0% used [0x00000000de580000,0x00000000de580000,0x00000000e0200000)
 ParOldGen       total 84992K, used 61153K [0x0000000084800000, 0x0000000089b00000, 0x00000000d6d80000)
  object space 84992K, 71% used [0x0000000084800000,0x00000000883b87c0,0x0000000089b00000)
 Metaspace       used 15174K, capacity 15412K, committed 15744K, reserved 1062912K
  class space    used 1750K, capacity 1840K, committed 1920K, reserved 1048576K
}
Event: 22,182 GC heap before
{Heap before GC invocations=7 (full 0):
 PSYoungGen      total 147968K, used 141099K [0x00000000d6d80000, 0x00000000e2280000, 0x0000000100000000)
  eden space 122880K, 96% used [0x00000000d6d80000,0x00000000de179598,0x00000000de580000)
  from space 25088K, 89% used [0x00000000e0200000,0x00000000e17d17e8,0x00000000e1a80000)
  to   space 29184K, 0% used [0x00000000de580000,0x00000000de580000,0x00000000e0200000)
 ParOldGen       total 84992K, used 61153K [0x0000000084800000, 0x0000000089b00000, 0x00000000d6d80000)
  object space 84992K, 71% used [0x0000000084800000,0x00000000883b87c0,0x0000000089b00000)
 Metaspace       used 15225K, capacity 15562K, committed 15744K, reserved 1062912K
  class space    used 1751K, capacity 1843K, committed 1920K, reserved 1048576K

