# JRE version: Java(TM) SE Runtime Environment (8.0_191-b12) (build 1.8.0_191-b12)
# Java VM: Java HotSpot(TM) 64-Bit Server VM (25.191-b12 mixed mode linux-amd64 compressed oops)
Heap:
 PSYoungGen      total 338432K, used 19047K [0x00000000d6d80000, 0x00000000eda00000, 0x0000000100000000)
  eden space 318976K, 0% used [0x00000000d6d80000,0x00000000d6d80000,0x00000000ea500000)
  from space 19456K, 97% used [0x00000000ec700000,0x00000000ed999ea8,0x00000000eda00000)
  to   space 17920K, 0% used [0x00000000eb580000,0x00000000eb580000,0x00000000ec700000)
 ParOldGen       total 84992K, used 59375K [0x0000000084800000, 0x0000000089b00000, 0x00000000d6d80000)
  object space 84992K, 69% used [0x0000000084800000,0x00000000881fbe70,0x0000000089b00000)
 Metaspace       used 15697K, capacity 15962K, committed 16256K, reserved 1062912K
  class space    used 1752K, capacity 1843K, committed 1920K, reserved 1048576K
GC Heap History (10 events):
Event: 141,147 GC heap after
Heap after GC invocations=11 (full 0):
 PSYoungGen      total 228352K, used 1392K [0x00000000d6d80000, 0x00000000f0c80000, 0x0000000100000000)
  eden space 226816K, 0% used [0x00000000d6d80000,0x00000000d6d80000,0x00000000e4b00000)
  from space 1536K, 90% used [0x00000000ee880000,0x00000000ee9dc2f0,0x00000000eea00000)
  to   space 28672K, 0% used [0x00000000ef080000,0x00000000ef080000,0x00000000f0c80000)
 ParOldGen       total 84992K, used 58807K [0x0000000084800000, 0x0000000089b00000, 0x00000000d6d80000)
  object space 84992K, 69% used [0x0000000084800000,0x000000008816ddd0,0x0000000089b00000)
 Metaspace       used 15541K, capacity 15830K, committed 16000K, reserved 1062912K
  class space    used 1752K, capacity 1843K, committed 1920K, reserved 1048576K
}
Event: 154,280 GC heap before
{Heap before GC invocations=12 (full 0):
 PSYoungGen      total 228352K, used 224342K [0x00000000d6d80000, 0x00000000f0c80000, 0x0000000100000000)
  eden space 226816K, 98% used [0x00000000d6d80000,0x00000000e4739878,0x00000000e4b00000)
  from space 1536K, 90% used [0x00000000ee880000,0x00000000ee9dc2f0,0x00000000eea00000)
  to   space 28672K, 0% used [0x00000000ef080000,0x00000000ef080000,0x00000000f0c80000)
 ParOldGen       total 84992K, used 58807K [0x0000000084800000, 0x0000000089b00000, 0x00000000d6d80000)
  object space 84992K, 69% used [0x0000000084800000,0x000000008816ddd0,0x0000000089b00000)
 Metaspace       used 15546K, capacity 15830K, committed 16000K, reserved 1062912K
  class space    used 1752K, capacity 1843K, committed 1920K, reserved 1048576K
Event: 154,304 GC heap after
Heap after GC invocations=12 (full 0):
 PSYoungGen      total 229888K, used 12567K [0x00000000d6d80000, 0x00000000efd00000, 0x0000000100000000)
  eden space 217088K, 0% used [0x00000000d6d80000,0x00000000d6d80000,0x00000000e4180000)
  from space 12800K, 98% used [0x00000000ef080000,0x00000000efcc5cc8,0x00000000efd00000)
  to   space 27136K, 0% used [0x00000000ec800000,0x00000000ec800000,0x00000000ee280000)
 ParOldGen       total 84992K, used 58943K [0x0000000084800000, 0x0000000089b00000, 0x00000000d6d80000)
  object space 84992K, 69% used [0x0000000084800000,0x000000008818fdf0,0x0000000089b00000)
 Metaspace       used 15546K, capacity 15830K, committed 16000K, reserved 1062912K
  class space    used 1752K, capacity 1843K, committed 1920K, reserved 1048576K
}
Event: 184,878 GC heap before
{Heap before GC invocations=13 (full 0):
 PSYoungGen      total 229888K, used 224548K [0x00000000d6d80000, 0x00000000efd00000, 0x0000000100000000)
  eden space 217088K, 97% used [0x00000000d6d80000,0x00000000e3c83380,0x00000000e4180000)
  from space 12800K, 98% used [0x00000000ef080000,0x00000000efcc5cc8,0x00000000efd00000)
  to   space 27136K, 0% used [0x00000000ec800000,0x00000000ec800000,0x00000000ee280000)
 ParOldGen       total 84992K, used 58943K [0x0000000084800000, 0x0000000089b00000, 0x00000000d6d80000)
  object space 84992K, 69% used [0x0000000084800000,0x000000008818fdf0,0x0000000089b00000)
 Metaspace       used 15578K, capacity 15830K, committed 16000K, reserved 1062912K
  class space    used 1752K, capacity 1843K, committed 1920K, reserved 1048576K
Event: 184,950 GC heap after
Heap after GC invocations=13 (full 0):
 PSYoungGen      total 225792K, used 17911K [0x00000000d6d80000, 0x00000000ef100000, 0x0000000100000000)
  eden space 207872K, 0% used [0x00000000d6d80000,0x00000000d6d80000,0x00000000e3880000)
  from space 17920K, 99% used [0x00000000ec800000,0x00000000ed97dc40,0x00000000ed980000)
  to   space 24064K, 0% used [0x00000000ed980000,0x00000000ed980000,0x00000000ef100000)
 ParOldGen       total 84992K, used 59031K [0x0000000084800000, 0x0000000089b00000, 0x00000000d6d80000)
  object space 84992K, 69% used [0x0000000084800000,0x00000000881a5e10,0x0000000089b00000)
 Metaspace       used 15578K, capacity 15830K, committed 16000K, reserved 1062912K
  class space    used 1752K, capacity 1843K, committed 1920K, reserved 1048576K
}
Event: 218,693 GC heap before
{Heap before GC invocations=14 (full 0):
 PSYoungGen      total 225792K, used 220477K [0x00000000d6d80000, 0x00000000ef100000, 0x0000000100000000)
  eden space 207872K, 97% used [0x00000000d6d80000,0x00000000e3351868,0x00000000e3880000)
  from space 17920K, 99% used [0x00000000ec800000,0x00000000ed97dc40,0x00000000ed980000)
  to   space 24064K, 0% used [0x00000000ed980000,0x00000000ed980000,0x00000000ef100000)
 ParOldGen       total 84992K, used 59031K [0x0000000084800000, 0x0000000089b00000, 0x00000000d6d80000)
  object space 84992K, 69% used [0x0000000084800000,0x00000000881a5e10,0x0000000089b00000)
 Metaspace       used 15589K, capacity 15830K, committed 16000K, reserved 1062912K
  class space    used 1752K, capacity 1843K, committed 1920K, reserved 1048576K
Event: 218,746 GC heap after
Heap after GC invocations=14 (full 0):
 PSYoungGen      total 216576K, used 17222K [0x00000000d6d80000, 0x00000000eea80000, 0x0000000100000000)
  eden space 199168K, 0% used [0x00000000d6d80000,0x00000000d6d80000,0x00000000e3000000)
  from space 17408K, 98% used [0x00000000ed980000,0x00000000eea51aa8,0x00000000eea80000)
  to   space 27136K, 0% used [0x00000000eb580000,0x00000000eb580000,0x00000000ed000000)
 ParOldGen       total 84992K, used 59151K [0x0000000084800000, 0x0000000089b00000, 0x00000000d6d80000)
  object space 84992K, 69% used [0x0000000084800000,0x00000000881c3e30,0x0000000089b00000)
 Metaspace       used 15589K, capacity 15830K, committed 16000K, reserved 1062912K
  class space    used 1752K, capacity 1843K, committed 1920K, reserved 1048576K
}
Event: 259,190 GC heap before
{Heap before GC invocations=15 (full 0):
 PSYoungGen      total 216576K, used 213382K [0x00000000d6d80000, 0x00000000eea80000, 0x0000000100000000)
  eden space 199168K, 98% used [0x00000000d6d80000,0x00000000e2d10118,0x00000000e3000000)
  from space 17408K, 98% used [0x00000000ed980000,0x00000000eea51aa8,0x00000000eea80000)
  to   space 27136K, 0% used [0x00000000eb580000,0x00000000eb580000,0x00000000ed000000)
 ParOldGen       total 84992K, used 59151K [0x0000000084800000, 0x0000000089b00000, 0x00000000d6d80000)
  object space 84992K, 69% used [0x0000000084800000,0x00000000881c3e30,0x0000000089b00000)
 Metaspace       used 15649K, capacity 15962K, committed 16256K, reserved 1062912K
  class space    used 1752K, capacity 1843K, committed 1920K, reserved 1048576K
Event: 261,621 GC heap after
Heap after GC invocations=15 (full 0):
 PSYoungGen      total 336896K, used 17542K [0x00000000d6d80000, 0x00000000eda00000, 0x0000000100000000)
  eden space 318976K, 0% used [0x00000000d6d80000,0x00000000d6d80000,0x00000000ea500000)
  from space 17920K, 97% used [0x00000000eb580000,0x00000000ec6a1b48,0x00000000ec700000)
  to   space 19456K, 0% used [0x00000000ec700000,0x00000000ec700000,0x00000000eda00000)
 ParOldGen       total 84992K, used 59263K [0x0000000084800000, 0x0000000089b00000, 0x00000000d6d80000)
  object space 84992K, 69% used [0x0000000084800000,0x00000000881dfe50,0x0000000089b00000)
 Metaspace       used 15649K, capacity 15962K, committed 16256K, reserved 1062912K
  class space    used 1752K, capacity 1843K, committed 1920K, reserved 1048576K
}
Event: 310,344 GC heap before
{Heap before GC invocations=16 (full 0):
 PSYoungGen      total 336896K, used 335409K [0x00000000d6d80000, 0x00000000eda00000, 0x0000000100000000)
  eden space 318976K, 99% used [0x00000000d6d80000,0x00000000ea3eac30,0x00000000ea500000)
  from space 17920K, 97% used [0x00000000eb580000,0x00000000ec6a1b48,0x00000000ec700000)
  to   space 19456K, 0% used [0x00000000ec700000,0x00000000ec700000,0x00000000eda00000)
 ParOldGen       total 84992K, used 59263K [0x0000000084800000, 0x0000000089b00000, 0x00000000d6d80000)
  object space 84992K, 69% used [0x0000000084800000,0x00000000881dfe50,0x0000000089b00000)
 Metaspace       used 15697K, capacity 15962K, committed 16256K, reserved 1062912K
  class space    used 1752K, capacity 1843K, committed 1920K, reserved 1048576K

